app/build/intermediates/manifest_merge_blame_file/JuFuPayGr1Debug/manifest-merger-blame-JuFuPayGr1-debug-report.txt
1<?xml version="1.0" encoding="utf-8"?>
2<manifest xmlns:android="http://schemas.android.com/apk/res/android"
3    package="com.jingyu.pay"
4    android:versionCode="4"
5    android:versionName="1.0.3" >
6
7    <uses-sdk
7-->src/main/AndroidManifest.xml:8:5-10:41
8        android:minSdkVersion="24"
8-->src/main/AndroidManifest.xml:9:9-35
9        android:targetSdkVersion="30" />
9-->src/main/AndroidManifest.xml:10:9-38
10
11    <uses-permission android:name="android.permission.SET_TIME_ZONE" />
11-->src/main/AndroidManifest.xml:11:5-12:47
11-->src/main/AndroidManifest.xml:11:22-69
12    <uses-permission android:name="android.permission.CAMERA" />
12-->src/main/AndroidManifest.xml:15:5-65
12-->src/main/AndroidManifest.xml:15:22-62
13    <uses-permission android:name="android.permission.FOREGROUND_SERVICE" />
13-->src/main/AndroidManifest.xml:16:5-77
13-->src/main/AndroidManifest.xml:16:22-74
14    <uses-permission android:name="android.permission.READ_PRIVILEGED_PHONE_STATE" />
14-->src/main/AndroidManifest.xml:17:5-18:47
14-->src/main/AndroidManifest.xml:17:22-83
15    <uses-permission android:name="android.permission.RECEIVE_SMS" />
15-->src/main/AndroidManifest.xml:19:5-70
15-->src/main/AndroidManifest.xml:19:22-67
16    <uses-permission android:name="android.permission.READ_SMS" />
16-->src/main/AndroidManifest.xml:20:5-67
16-->src/main/AndroidManifest.xml:20:22-64
17    <uses-permission android:name="android.permission.READ_PHONE_STATE" />
17-->src/main/AndroidManifest.xml:21:5-75
17-->src/main/AndroidManifest.xml:21:22-72
18    <uses-permission android:name="android.permission.SYSTEM_ALERT_WINDOW" />
18-->src/main/AndroidManifest.xml:22:5-78
18-->src/main/AndroidManifest.xml:22:22-75
19    <uses-permission android:name="android.permission.BIND_ACCESSIBILITY_SERVICE" />
19-->src/main/AndroidManifest.xml:23:5-25:47
19-->src/main/AndroidManifest.xml:24:9-69
20    <uses-permission android:name="android.permission.WRITE_EXTERNAL_STORAGE" />
20-->src/main/AndroidManifest.xml:26:5-81
20-->src/main/AndroidManifest.xml:26:22-78
21    <uses-permission android:name="android.permission.READ_EXTERNAL_STORAGE" />
21-->src/main/AndroidManifest.xml:27:5-80
21-->src/main/AndroidManifest.xml:27:22-77
22    <uses-permission android:name="android.permission.ACCESS_SUPERUSER" />
22-->src/main/AndroidManifest.xml:28:5-75
22-->src/main/AndroidManifest.xml:28:22-72
23    <uses-permission android:name="android.permission.WAKE_LOCK" />
23-->src/main/AndroidManifest.xml:29:5-68
23-->src/main/AndroidManifest.xml:29:22-65
24    <uses-permission android:name="android.permission.DISABLE_KEYGUARD" />
24-->src/main/AndroidManifest.xml:30:5-75
24-->src/main/AndroidManifest.xml:30:22-72
25    <uses-permission android:name="android.permission.GET_TASKS" />
25-->src/main/AndroidManifest.xml:31:5-68
25-->src/main/AndroidManifest.xml:31:22-65
26    <uses-permission android:name="android.permission.INTERNET" />
26-->src/main/AndroidManifest.xml:32:5-67
26-->src/main/AndroidManifest.xml:32:22-64
27    <uses-permission android:name="android.permission.ACCESS_NETWORK_STATE" />
27-->src/main/AndroidManifest.xml:33:5-79
27-->src/main/AndroidManifest.xml:33:22-76
28    <uses-permission android:name="android.permission.ACCESS_WIFI_STATE" />
28-->src/main/AndroidManifest.xml:34:5-76
28-->src/main/AndroidManifest.xml:34:22-73
29    <uses-permission android:name="android.permission.ACCESS_FINE_LOCATION" />
29-->src/main/AndroidManifest.xml:35:5-79
29-->src/main/AndroidManifest.xml:35:22-76
30    <uses-permission android:name="android.permission.READ_LOGS" />
30-->src/main/AndroidManifest.xml:36:5-38:47
30-->src/main/AndroidManifest.xml:37:9-52
31    <uses-permission android:name="android.permission.REQUEST_IGNORE_BATTERY_OPTIMIZATIONS" />
31-->src/main/AndroidManifest.xml:39:5-95
31-->src/main/AndroidManifest.xml:39:22-92
32    <uses-permission android:name="com.google.android.gms.permission.AD_ID" />
32-->[com.google.android.gms:play-services-measurement-api:21.1.1] AndroidManifest.xml:25:5-79
32-->[com.google.android.gms:play-services-measurement-api:21.1.1] AndroidManifest.xml:25:22-76
33    <uses-permission android:name="com.google.android.finsky.permission.BIND_GET_INSTALL_REFERRER_SERVICE" />
33-->[com.google.android.gms:play-services-measurement:21.1.1] AndroidManifest.xml:26:5-110
33-->[com.google.android.gms:play-services-measurement:21.1.1] AndroidManifest.xml:26:22-107
34
35    <application
35-->src/main/AndroidManifest.xml:41:5-294:19
36        android:name="com.tools.payhelper.CustomApplcation"
36-->src/main/AndroidManifest.xml:44:9-41
37        android:allowBackup="true"
37-->src/main/AndroidManifest.xml:45:9-35
38        android:appComponentFactory="androidx.core.app.CoreComponentFactory"
38-->[androidx.core:core:1.5.0] AndroidManifest.xml:24:18-86
39        android:debuggable="true"
40        android:extractNativeLibs="false"
41        android:hardwareAccelerated="true"
41-->src/main/AndroidManifest.xml:43:9-43
42        android:icon="@drawable/favicon"
42-->src/main/AndroidManifest.xml:46:9-41
43        android:label="@string/app_name"
43-->src/main/AndroidManifest.xml:47:9-41
44        android:networkSecurityConfig="@xml/network_security_config"
44-->src/main/AndroidManifest.xml:48:9-69
45        android:requestLegacyExternalStorage="true"
45-->src/main/AndroidManifest.xml:42:9-52
46        android:supportsRtl="true"
46-->[ch.ielse:switchbutton:1.0.1] AndroidManifest.xml:13:9-35
47        android:testOnly="true"
48        android:theme="@style/Theme.JingyuPay"
48-->src/main/AndroidManifest.xml:49:9-47
49        android:usesCleartextTraffic="true" >
49-->src/main/AndroidManifest.xml:50:9-44
50
51        <!-- <activity -->
52        <!-- android:name=".ui.login.DetailActivity" -->
53        <!-- android:exported="true" -->
54        <!-- android:label="@string/title_activity_home" -->
55        <!-- android:launchMode="singleInstance" -->
56        <!-- android:screenOrientation="portrait" -->
57        <!-- android:theme="@style/AppTheme.NoActionBar" -->
58        <!-- android:windowSoftInputMode="adjustPan|adjustUnspecified|stateHidden"> -->
59        <!-- <meta-data -->
60        <!-- android:name="android.app.lib_name" -->
61        <!-- android:value="" /> -->
62
63
64        <!-- </activity> -->
65        <!-- <activity -->
66        <!-- android:name=".ui.login.UserLoginActivity" -->
67        <!-- android:exported="true" -->
68        <!-- android:label="@string/app_name" -->
69        <!-- android:launchMode="singleInstance" -->
70        <!-- android:screenOrientation="portrait" -->
71        <!-- android:theme="@style/Theme.AppCompat.Light.NoActionBar.FullScreen" -->
72        <!-- android:windowSoftInputMode="adjustPan|adjustUnspecified|stateHidden"> -->
73
74
75        <!-- </activity> -->
76
77        <activity
77-->src/main/AndroidManifest.xml:79:9-98:20
78            android:name="com.tools.payhelper.Main22Activity"
78-->src/main/AndroidManifest.xml:80:13-43
79            android:exported="true"
79-->src/main/AndroidManifest.xml:81:13-36
80            android:label="@string/app_name"
80-->src/main/AndroidManifest.xml:82:13-45
81            android:launchMode="singleInstance"
81-->src/main/AndroidManifest.xml:83:13-48
82            android:screenOrientation="portrait"
82-->src/main/AndroidManifest.xml:84:13-49
83            android:theme="@style/Theme.AppCompat.Light.NoActionBar.FullScreen"
83-->src/main/AndroidManifest.xml:85:13-80
84            android:windowSoftInputMode="adjustPan|adjustUnspecified|stateHidden" >
84-->src/main/AndroidManifest.xml:86:13-82
85
86            <!-- <intent-filter> -->
87            <!-- <action android:name="android.intent.action.MAIN" /> -->
88
89
90            <!-- <category android:name="android.intent.category.LAUNCHER" /> -->
91            <!-- </intent-filter> -->
92
93        </activity>
94
95        <service
95-->src/main/AndroidManifest.xml:100:9-104:49
96            android:name="com.tools.payhelper.DaemonService"
96-->src/main/AndroidManifest.xml:101:13-42
97            android:enabled="true"
97-->src/main/AndroidManifest.xml:102:13-35
98            android:exported="false"
98-->src/main/AndroidManifest.xml:103:13-37
99            android:process=":daemon_service" />
99-->src/main/AndroidManifest.xml:104:13-46
100
101        <provider
102            android:name="androidx.core.content.FileProvider"
102-->src/main/AndroidManifest.xml:107:13-62
103            android:authorities="com.jingyu.pay.fileProvider"
103-->src/main/AndroidManifest.xml:108:13-64
104            android:exported="false"
104-->src/main/AndroidManifest.xml:109:13-37
105            android:grantUriPermissions="true" >
105-->src/main/AndroidManifest.xml:110:13-47
106            <meta-data
106-->src/main/AndroidManifest.xml:111:13-113:54
107                android:name="android.support.FILE_PROVIDER_PATHS"
107-->src/main/AndroidManifest.xml:112:17-67
108                android:resource="@xml/file_paths" />
108-->src/main/AndroidManifest.xml:113:17-51
109        </provider>
110
111        <service
111-->src/main/AndroidManifest.xml:116:9-124:19
112            android:name="com.tools.payhelper.WechatNotificationListenerService"
112-->src/main/AndroidManifest.xml:117:13-62
113            android:enabled="true"
113-->src/main/AndroidManifest.xml:118:13-35
114            android:label="@string/app_name"
114-->src/main/AndroidManifest.xml:119:13-45
115            android:permission="android.permission.BIND_NOTIFICATION_LISTENER_SERVICE" >
115-->src/main/AndroidManifest.xml:120:13-87
116            <intent-filter>
116-->src/main/AndroidManifest.xml:121:13-123:29
117                <action android:name="android.service.notification.NotificationListenerService" />
117-->src/main/AndroidManifest.xml:122:17-99
117-->src/main/AndroidManifest.xml:122:25-96
118            </intent-filter>
119        </service>
120
121        <!-- <receiver -->
122        <!-- android:name=".ui.NotificationClickReceiver"> -->
123        <!-- <intent-filter> -->
124        <!-- <action android:name="android.intent.action.ACTION_POWER_CONNECTED" /> -->
125        <!-- </intent-filter> -->
126        <!-- </receiver> -->
127
128
129        <!-- <activity -->
130        <!-- android:name=".wechat.WechatActivity" -->
131        <!-- android:exported="true" -->
132        <!-- android:label="@string/app_name" -->
133        <!-- android:launchMode="singleInstance" -->
134        <!-- android:screenOrientation="portrait" -->
135        <!-- android:theme="@android:style/Theme.Light.NoTitleBar" -->
136        <!-- android:windowSoftInputMode="adjustPan|adjustUnspecified|stateHidden"> -->
137
138
139        <!-- <intent-filter> -->
140        <!-- <action android:name="android.intent.action.MAIN" /> -->
141
142
143        <!-- <category android:name="android.intent.category.LAUNCHER" /> -->
144        <!-- </intent-filter> -->
145        <!-- </activity> -->
146        <activity
146-->src/main/AndroidManifest.xml:150:9-157:20
147            android:name="com.jingyu.pay.ui.group.ReportDayActivity"
147-->src/main/AndroidManifest.xml:152:13-69
148            android:exported="false"
148-->src/main/AndroidManifest.xml:153:13-37
149            android:screenOrientation="portrait" >
149-->src/main/AndroidManifest.xml:151:13-49
150            <meta-data
150-->src/main/AndroidManifest.xml:154:13-156:36
151                android:name="android.app.lib_name"
151-->src/main/AndroidManifest.xml:155:17-52
152                android:value="" />
152-->src/main/AndroidManifest.xml:156:17-33
153        </activity>
154        <activity
154-->src/main/AndroidManifest.xml:158:9-166:20
155            android:name="com.jingyu.pay.ui.bankcard.BankCardListActivity"
155-->src/main/AndroidManifest.xml:161:13-75
156            android:exported="false"
156-->src/main/AndroidManifest.xml:162:13-37
157            android:screenOrientation="portrait" >
157-->src/main/AndroidManifest.xml:159:13-49
158            <meta-data
158-->src/main/AndroidManifest.xml:154:13-156:36
159                android:name="android.app.lib_name"
159-->src/main/AndroidManifest.xml:155:17-52
160                android:value="" />
160-->src/main/AndroidManifest.xml:156:17-33
161        </activity>
162        <activity
162-->src/main/AndroidManifest.xml:167:9-176:20
163            android:name="com.jingyu.pay.ui.group.GroupReportActivity"
163-->src/main/AndroidManifest.xml:170:13-71
164            android:exported="false"
164-->src/main/AndroidManifest.xml:171:13-37
165            android:screenOrientation="portrait"
165-->src/main/AndroidManifest.xml:168:13-49
166            android:theme="@style/Theme.JingyuPay.NoActionBar" >
166-->src/main/AndroidManifest.xml:172:13-63
167            <meta-data
167-->src/main/AndroidManifest.xml:154:13-156:36
168                android:name="android.app.lib_name"
168-->src/main/AndroidManifest.xml:155:17-52
169                android:value="" />
169-->src/main/AndroidManifest.xml:156:17-33
170        </activity>
171        <activity
171-->src/main/AndroidManifest.xml:177:9-186:20
172            android:name="com.jingyu.pay.ui.group.GroupReportTeamActivity"
172-->src/main/AndroidManifest.xml:180:13-75
173            android:exported="false"
173-->src/main/AndroidManifest.xml:181:13-37
174            android:screenOrientation="portrait"
174-->src/main/AndroidManifest.xml:178:13-49
175            android:theme="@style/Theme.JingyuPay.NoActionBar" >
175-->src/main/AndroidManifest.xml:182:13-63
176            <meta-data
176-->src/main/AndroidManifest.xml:154:13-156:36
177                android:name="android.app.lib_name"
177-->src/main/AndroidManifest.xml:155:17-52
178                android:value="" />
178-->src/main/AndroidManifest.xml:156:17-33
179        </activity>
180        <activity
180-->src/main/AndroidManifest.xml:187:9-195:20
181            android:name="com.jingyu.pay.ui.group.GroupListctivity"
181-->src/main/AndroidManifest.xml:190:13-68
182            android:exported="false"
182-->src/main/AndroidManifest.xml:191:13-37
183            android:screenOrientation="portrait" >
183-->src/main/AndroidManifest.xml:188:13-49
184            <meta-data
184-->src/main/AndroidManifest.xml:154:13-156:36
185                android:name="android.app.lib_name"
185-->src/main/AndroidManifest.xml:155:17-52
186                android:value="" />
186-->src/main/AndroidManifest.xml:156:17-33
187        </activity>
188        <activity
188-->src/main/AndroidManifest.xml:196:9-204:20
189            android:name="com.jingyu.pay.ui.transaction.TransactionActivity"
189-->src/main/AndroidManifest.xml:199:13-77
190            android:exported="false"
190-->src/main/AndroidManifest.xml:200:13-37
191            android:screenOrientation="portrait" >
191-->src/main/AndroidManifest.xml:197:13-49
192            <meta-data
192-->src/main/AndroidManifest.xml:154:13-156:36
193                android:name="android.app.lib_name"
193-->src/main/AndroidManifest.xml:155:17-52
194                android:value="" />
194-->src/main/AndroidManifest.xml:156:17-33
195        </activity>
196        <activity
196-->src/main/AndroidManifest.xml:205:9-213:20
197            android:name="com.jingyu.pay.ui.sellrecord.SellRecordActivity"
197-->src/main/AndroidManifest.xml:208:13-75
198            android:exported="false"
198-->src/main/AndroidManifest.xml:209:13-37
199            android:screenOrientation="portrait" >
199-->src/main/AndroidManifest.xml:206:13-49
200            <meta-data
200-->src/main/AndroidManifest.xml:154:13-156:36
201                android:name="android.app.lib_name"
201-->src/main/AndroidManifest.xml:155:17-52
202                android:value="" />
202-->src/main/AndroidManifest.xml:156:17-33
203        </activity>
204        <activity
204-->src/main/AndroidManifest.xml:214:9-222:20
205            android:name="com.jingyu.pay.ui.buyrecord.BuyRecordActivity"
205-->src/main/AndroidManifest.xml:217:13-73
206            android:exported="false"
206-->src/main/AndroidManifest.xml:218:13-37
207            android:screenOrientation="portrait" >
207-->src/main/AndroidManifest.xml:215:13-49
208            <meta-data
208-->src/main/AndroidManifest.xml:154:13-156:36
209                android:name="android.app.lib_name"
209-->src/main/AndroidManifest.xml:155:17-52
210                android:value="" />
210-->src/main/AndroidManifest.xml:156:17-33
211        </activity>
212        <activity
212-->src/main/AndroidManifest.xml:223:9-232:20
213            android:name="com.jingyu.pay.ui.purchasehistory.PurchaseHistoryActivity"
213-->src/main/AndroidManifest.xml:226:13-85
214            android:exported="false"
214-->src/main/AndroidManifest.xml:227:13-37
215            android:screenOrientation="portrait"
215-->src/main/AndroidManifest.xml:224:13-49
216            android:theme="@style/Theme.JingyuPay.NoActionBar" >
216-->src/main/AndroidManifest.xml:228:13-63
217            <meta-data
217-->src/main/AndroidManifest.xml:154:13-156:36
218                android:name="android.app.lib_name"
218-->src/main/AndroidManifest.xml:155:17-52
219                android:value="" />
219-->src/main/AndroidManifest.xml:156:17-33
220        </activity>
221        <activity
221-->src/main/AndroidManifest.xml:233:9-248:20
222            android:name="com.jingyu.pay.SplashActivity"
222-->src/main/AndroidManifest.xml:236:13-57
223            android:exported="true"
223-->src/main/AndroidManifest.xml:237:13-36
224            android:screenOrientation="portrait"
224-->src/main/AndroidManifest.xml:234:13-49
225            android:theme="@style/Theme.AppCompat.Light.NoActionBar.FullScreen" >
225-->src/main/AndroidManifest.xml:238:13-80
226            <intent-filter>
226-->src/main/AndroidManifest.xml:239:13-243:29
227                <action android:name="android.intent.action.MAIN" />
227-->src/main/AndroidManifest.xml:240:17-69
227-->src/main/AndroidManifest.xml:240:25-66
228
229                <category android:name="android.intent.category.LAUNCHER" />
229-->src/main/AndroidManifest.xml:242:17-77
229-->src/main/AndroidManifest.xml:242:27-74
230            </intent-filter>
231
232            <meta-data
232-->src/main/AndroidManifest.xml:154:13-156:36
233                android:name="android.app.lib_name"
233-->src/main/AndroidManifest.xml:155:17-52
234                android:value="" />
234-->src/main/AndroidManifest.xml:156:17-33
235        </activity>
236        <activity
236-->src/main/AndroidManifest.xml:249:9-258:20
237            android:name="com.jingyu.pay.ui.login.LoginActivity"
237-->src/main/AndroidManifest.xml:252:13-65
238            android:exported="false"
238-->src/main/AndroidManifest.xml:253:13-37
239            android:screenOrientation="portrait"
239-->src/main/AndroidManifest.xml:250:13-49
240            android:theme="@style/Theme.AppCompat.Light.NoActionBar.FullScreen" >
240-->src/main/AndroidManifest.xml:254:13-80
241            <meta-data
241-->src/main/AndroidManifest.xml:154:13-156:36
242                android:name="android.app.lib_name"
242-->src/main/AndroidManifest.xml:155:17-52
243                android:value="" />
243-->src/main/AndroidManifest.xml:156:17-33
244        </activity>
245        <activity
245-->src/main/AndroidManifest.xml:259:9-269:20
246            android:name="com.jingyu.pay.MainActivity"
246-->src/main/AndroidManifest.xml:262:13-55
247            android:exported="true"
247-->src/main/AndroidManifest.xml:263:13-36
248            android:label="@string/app_name"
248-->src/main/AndroidManifest.xml:264:13-45
249            android:screenOrientation="portrait"
249-->src/main/AndroidManifest.xml:260:13-49
250            android:windowSoftInputMode="adjustPan|adjustUnspecified|stateHidden" >
250-->src/main/AndroidManifest.xml:265:13-82
251            <meta-data
251-->src/main/AndroidManifest.xml:154:13-156:36
252                android:name="android.app.lib_name"
252-->src/main/AndroidManifest.xml:155:17-52
253                android:value="" />
253-->src/main/AndroidManifest.xml:156:17-33
254        </activity>
255        <activity
255-->src/main/AndroidManifest.xml:270:9-278:20
256            android:name="com.jingyu.pay.ui.accountchange.AccountChangeActivity"
256-->src/main/AndroidManifest.xml:273:13-81
257            android:exported="false"
257-->src/main/AndroidManifest.xml:274:13-37
258            android:screenOrientation="portrait" >
258-->src/main/AndroidManifest.xml:271:13-49
259            <meta-data
259-->src/main/AndroidManifest.xml:154:13-156:36
260                android:name="android.app.lib_name"
260-->src/main/AndroidManifest.xml:155:17-52
261                android:value="" />
261-->src/main/AndroidManifest.xml:156:17-33
262        </activity>
263
264        <meta-data
264-->src/main/AndroidManifest.xml:280:9-282:36
265            android:name="xposedmodule"
265-->src/main/AndroidManifest.xml:281:13-40
266            android:value="true" />
266-->src/main/AndroidManifest.xml:282:13-33
267        <meta-data
267-->src/main/AndroidManifest.xml:283:9-285:36
268            android:name="xposeddescription"
268-->src/main/AndroidManifest.xml:284:13-45
269            android:value="模块描述" />
269-->src/main/AndroidManifest.xml:285:13-33
270        <meta-data
270-->src/main/AndroidManifest.xml:286:9-288:34
271            android:name="xposedminversion"
271-->src/main/AndroidManifest.xml:287:13-44
272            android:value="54" />
272-->src/main/AndroidManifest.xml:288:13-31
273
274        <!-- <activity -->
275        <!-- android:name="com.journeyapps.barcodescanner.CaptureActivity" -->
276        <!-- android:screenOrientation="fullSensor" -->
277        <!-- tools:replace="screenOrientation" /> -->
278        <service
278-->[com.google.firebase:firebase-analytics-ktx:21.1.1] AndroidManifest.xml:8:9-14:19
279            android:name="com.google.firebase.components.ComponentDiscoveryService"
279-->[com.google.firebase:firebase-analytics-ktx:21.1.1] AndroidManifest.xml:9:13-84
280            android:directBootAware="true"
280-->[com.google.firebase:firebase-common:20.1.2] AndroidManifest.xml:35:13-43
281            android:exported="false" >
281-->[com.google.firebase:firebase-analytics-ktx:21.1.1] AndroidManifest.xml:10:13-37
282            <meta-data
282-->[com.google.firebase:firebase-analytics-ktx:21.1.1] AndroidManifest.xml:11:13-13:85
283                android:name="com.google.firebase.components:com.google.firebase.analytics.ktx.FirebaseAnalyticsKtxRegistrar"
283-->[com.google.firebase:firebase-analytics-ktx:21.1.1] AndroidManifest.xml:12:17-126
284                android:value="com.google.firebase.components.ComponentRegistrar" />
284-->[com.google.firebase:firebase-analytics-ktx:21.1.1] AndroidManifest.xml:13:17-82
285            <meta-data
285-->[com.google.firebase:firebase-database:20.0.6] AndroidManifest.xml:32:13-34:85
286                android:name="com.google.firebase.components:com.google.firebase.database.DatabaseRegistrar"
286-->[com.google.firebase:firebase-database:20.0.6] AndroidManifest.xml:33:17-109
287                android:value="com.google.firebase.components.ComponentRegistrar" />
287-->[com.google.firebase:firebase-database:20.0.6] AndroidManifest.xml:34:17-82
288            <meta-data
288-->[com.google.firebase:firebase-common-ktx:20.1.2] AndroidManifest.xml:15:13-17:85
289                android:name="com.google.firebase.components:com.google.firebase.ktx.FirebaseCommonKtxRegistrar"
289-->[com.google.firebase:firebase-common-ktx:20.1.2] AndroidManifest.xml:16:17-113
290                android:value="com.google.firebase.components.ComponentRegistrar" />
290-->[com.google.firebase:firebase-common-ktx:20.1.2] AndroidManifest.xml:17:17-82
291            <meta-data
291-->[com.google.android.gms:play-services-measurement-api:21.1.1] AndroidManifest.xml:31:13-33:85
292                android:name="com.google.firebase.components:com.google.firebase.analytics.connector.internal.AnalyticsConnectorRegistrar"
292-->[com.google.android.gms:play-services-measurement-api:21.1.1] AndroidManifest.xml:32:17-139
293                android:value="com.google.firebase.components.ComponentRegistrar" />
293-->[com.google.android.gms:play-services-measurement-api:21.1.1] AndroidManifest.xml:33:17-82
294            <meta-data
294-->[com.google.firebase:firebase-installations:17.0.2] AndroidManifest.xml:18:13-20:85
295                android:name="com.google.firebase.components:com.google.firebase.installations.FirebaseInstallationsRegistrar"
295-->[com.google.firebase:firebase-installations:17.0.2] AndroidManifest.xml:19:17-127
296                android:value="com.google.firebase.components.ComponentRegistrar" />
296-->[com.google.firebase:firebase-installations:17.0.2] AndroidManifest.xml:20:17-82
297        </service>
298
299        <activity
299-->[cn.yipianfengye.android:zxing-library:2.1] AndroidManifest.xml:12:9-17:63
300            android:name="com.uuzuche.lib_zxing.activity.CaptureActivity"
300-->[cn.yipianfengye.android:zxing-library:2.1] AndroidManifest.xml:13:13-74
301            android:configChanges="orientation|keyboardHidden"
301-->[cn.yipianfengye.android:zxing-library:2.1] AndroidManifest.xml:14:13-63
302            android:screenOrientation="portrait"
302-->[cn.yipianfengye.android:zxing-library:2.1] AndroidManifest.xml:15:13-49
303            android:theme="@style/Theme.AppCompat.NoActionBar"
303-->[cn.yipianfengye.android:zxing-library:2.1] AndroidManifest.xml:16:13-63
304            android:windowSoftInputMode="stateAlwaysHidden" />
304-->[cn.yipianfengye.android:zxing-library:2.1] AndroidManifest.xml:17:13-60
305
306        <provider
306-->[com.google.firebase:firebase-common:20.1.2] AndroidManifest.xml:26:9-31:39
307            android:name="com.google.firebase.provider.FirebaseInitProvider"
307-->[com.google.firebase:firebase-common:20.1.2] AndroidManifest.xml:27:13-77
308            android:authorities="com.jingyu.pay.firebaseinitprovider"
308-->[com.google.firebase:firebase-common:20.1.2] AndroidManifest.xml:28:13-72
309            android:directBootAware="true"
309-->[com.google.firebase:firebase-common:20.1.2] AndroidManifest.xml:29:13-43
310            android:exported="false"
310-->[com.google.firebase:firebase-common:20.1.2] AndroidManifest.xml:30:13-37
311            android:initOrder="100" />
311-->[com.google.firebase:firebase-common:20.1.2] AndroidManifest.xml:31:13-36
312
313        <activity
313-->[com.google.android.gms:play-services-base:18.0.1] AndroidManifest.xml:20:9-22:45
314            android:name="com.google.android.gms.common.api.GoogleApiActivity"
314-->[com.google.android.gms:play-services-base:18.0.1] AndroidManifest.xml:20:19-85
315            android:exported="false"
315-->[com.google.android.gms:play-services-base:18.0.1] AndroidManifest.xml:22:19-43
316            android:theme="@android:style/Theme.Translucent.NoTitleBar" />
316-->[com.google.android.gms:play-services-base:18.0.1] AndroidManifest.xml:21:19-78
317
318        <receiver
318-->[com.google.android.gms:play-services-measurement:21.1.1] AndroidManifest.xml:29:9-33:20
319            android:name="com.google.android.gms.measurement.AppMeasurementReceiver"
319-->[com.google.android.gms:play-services-measurement:21.1.1] AndroidManifest.xml:30:13-85
320            android:enabled="true"
320-->[com.google.android.gms:play-services-measurement:21.1.1] AndroidManifest.xml:31:13-35
321            android:exported="false" >
321-->[com.google.android.gms:play-services-measurement:21.1.1] AndroidManifest.xml:32:13-37
322        </receiver>
323
324        <service
324-->[com.google.android.gms:play-services-measurement:21.1.1] AndroidManifest.xml:35:9-38:40
325            android:name="com.google.android.gms.measurement.AppMeasurementService"
325-->[com.google.android.gms:play-services-measurement:21.1.1] AndroidManifest.xml:36:13-84
326            android:enabled="true"
326-->[com.google.android.gms:play-services-measurement:21.1.1] AndroidManifest.xml:37:13-35
327            android:exported="false" />
327-->[com.google.android.gms:play-services-measurement:21.1.1] AndroidManifest.xml:38:13-37
328        <service
328-->[com.google.android.gms:play-services-measurement:21.1.1] AndroidManifest.xml:39:9-43:72
329            android:name="com.google.android.gms.measurement.AppMeasurementJobService"
329-->[com.google.android.gms:play-services-measurement:21.1.1] AndroidManifest.xml:40:13-87
330            android:enabled="true"
330-->[com.google.android.gms:play-services-measurement:21.1.1] AndroidManifest.xml:41:13-35
331            android:exported="false"
331-->[com.google.android.gms:play-services-measurement:21.1.1] AndroidManifest.xml:42:13-37
332            android:permission="android.permission.BIND_JOB_SERVICE" />
332-->[com.google.android.gms:play-services-measurement:21.1.1] AndroidManifest.xml:43:13-69
333
334        <meta-data
334-->[com.google.android.gms:play-services-basement:18.1.0] AndroidManifest.xml:21:9-23:69
335            android:name="com.google.android.gms.version"
335-->[com.google.android.gms:play-services-basement:18.1.0] AndroidManifest.xml:22:13-58
336            android:value="@integer/google_play_services_version" />
336-->[com.google.android.gms:play-services-basement:18.1.0] AndroidManifest.xml:23:13-66
337
338        <provider
338-->[androidx.lifecycle:lifecycle-process:2.2.0] AndroidManifest.xml:25:9-29:43
339            android:name="androidx.lifecycle.ProcessLifecycleOwnerInitializer"
339-->[androidx.lifecycle:lifecycle-process:2.2.0] AndroidManifest.xml:26:13-79
340            android:authorities="com.jingyu.pay.lifecycle-process"
340-->[androidx.lifecycle:lifecycle-process:2.2.0] AndroidManifest.xml:27:13-69
341            android:exported="false"
341-->[androidx.lifecycle:lifecycle-process:2.2.0] AndroidManifest.xml:28:13-37
342            android:multiprocess="true" />
342-->[androidx.lifecycle:lifecycle-process:2.2.0] AndroidManifest.xml:29:13-40
343    </application>
344
345</manifest>